Arguments: 
  E:\Program Files\nodejs\node.exe D:\Users\Arthur Erlich HFU\AppData\Roaming\npm\node_modules\yarn\bin\yarn.js init

PATH: 
  D:\Program Files\Common Files\Oracle\Java\javapath;D:\Python39\Scripts\;D:\Python39\;D:\Program Files\Oculus\Support\oculus-runtime;D:\Program Files (x86)\Razer\ChromaBroadcast\bin;D:\Program Files\Razer\ChromaBroadcast\bin;D:\Program Files (x86)\Razer Chroma SDK\bin;D:\Program Files\Razer Chroma SDK\bin;D:\Program Files (x86)\Common Files\Oracle\Java\javapath;D:\Program Files\AdoptOpenJDK\jdk-11.0.5.10-hotspot\bin;D:\ProgramData\Oracle\Java\javapath;C:\NVIDIA\v7.5\bin;C:\NVIDIA\v7.5\libnvvp;D:\WINDOWS\system32;D:\WINDOWS;D:\WINDOWS\System32\Wbem;D:\WINDOWS\System32\WindowsPowerShell\v1.0\;D:\Program Files (x86)\NVIDIA Corporation\PhysX\Common;D:\Program Files (x86)\Windows Kits\8.1\Windows Performance Toolkit\;D:\Program Files\Microsoft SQL Server\110\Tools\Binn\;D:\Program Files\Microsoft SQL Server\120\Tools\Binn\;E:\Program Files (x86)\QuickTime\QTSystem\;E:\Program Files\Calibre2\;D:\Program Files (x86)\Skype\Phone\;D:\Program Files (x86)\Windows Kits\10\Windows Performance Toolkit\;D:\Program Files (x86)\GtkSharp\2.12\bin;D:\WINDOWS\System32\OpenSSH\;E:\Program Files (x86)\AOMEI Backupper;J:\Program Files\PuTTY\;E:\Program Files\SlikSvn\bin;D:\ProgramData\chocolatey\bin;D:\ProgramData\chocolatey\lib\maven\apache-maven-3.6.2\bin;D:\Program Files\Java\jdk1.8.0_231\bin;D:\WINDOWS\system32\config\systemprofile\AppData\Local\Microsoft\WindowsApps;J:\Users\Arthur\AppData\Local\Programs\Python\Python37\Scripts\;J:\Users\Arthur\AppData\Local\Programs\Python\Python37\;D:\Users\Arthur\AppData\Local\Microsoft\WindowsApps;D:\Users\Arthur\AppData\Local\atom\bin;D:\Program Files\Microsoft VS Code\bin;C:\WinNMP\bin;E:\Program Files\CMake\bin;D:\Users\Arthur\AppData\Local\Programs\Microsoft VS Code\bin;D:\WINDOWS\system32;D:\WINDOWS;D:\WINDOWS\System32\Wbem;D:\WINDOWS\System32\WindowsPowerShell\v1.0\;D:\WINDOWS\System32\OpenSSH\;E:\Program Files\nodejs\;D:\Program Files\dotnet\;E:\Program Files\Git\cmd;E:\Program Files (x86)\Graphviz\bin;E:\Program Files\Git LFS;J:\_Work\BFG\Perforce\;D:\Program Files\Common Files\Autodesk Shared\;D:\Users\Arthur Erlich HFU\AppData\Local\Programs\Python\Python311\Scripts\;D:\Users\Arthur Erlich HFU\AppData\Local\Programs\Python\Python311\;D:\Users\Arthur Erlich HFU\AppData\Local\Microsoft\WindowsApps;D:\Users\Arthur Erlich HFU\AppData\Local\Programs\Microsoft VS Code\bin;D:\Users\Arthur Erlich HFU\AppData\Roaming\npm;D:\Users\Arthur Erlich HFU\AppData\Local\GitHubDesktop\bin;D:\Users\Arthur Erlich HFU\.dotnet\tools

Yarn version: 
  1.22.19

Node version: 
  14.18.0

Platform: 
  win32 ia32

Trace: 
  Error: canceled
      at Interface.<anonymous> (D:\Users\Arthur Erlich HFU\AppData\Roaming\npm\node_modules\yarn\lib\cli.js:137150:13)
      at Interface.emit (events.js:400:28)
      at Interface._ttyWrite (readline.js:1001:16)
      at ReadStream.onkeypress (readline.js:265:10)
      at ReadStream.emit (events.js:400:28)
      at emitKeys (internal/readline/utils.js:358:14)
      at emitKeys.next (<anonymous>)
      at ReadStream.onData (readline.js:1270:36)
      at ReadStream.emit (events.js:400:28)
      at addChunk (internal/streams/readable.js:293:12)

npm manifest: 
  No manifest

yarn manifest: 
  No manifest

Lockfile: 
  # THIS IS AN AUTOGENERATED FILE. DO NOT EDIT THIS FILE DIRECTLY.
  # yarn lockfile v1
